/home/runner/work/PSD/PSD/input/PSD.xml:6:63: error: value of attribute "boilerplate" is invalid; must be equal to "yes"
/home/runner/work/PSD/PSD/input/PSD.xml:267:44: error: element "sec:cclaims" incomplete; missing required element "CClaimsInfo"
/home/runner/work/PSD/PSD/input/PSD.xml:273:16: error: element "threats" not allowed here; expected the element end-tag, text, element "_", "assignable", "choice", "comment", "ctr", "depends", "endnote", "equation", "external-doc", "figure", "if-opt-app", "implements", "no-link", "provides", "refinement", "requires", "rule", "section", "selectables", "snip", "testlist" or "xref" or an element from another namespace
/home/runner/work/PSD/PSD/input/PSD.xml:338:20: error: element "assumptions" not allowed here; expected the element end-tag, text, element "_", "assignable", "choice", "comment", "ctr", "depends", "endnote", "equation", "external-doc", "figure", "if-opt-app", "implements", "no-link", "provides", "refinement", "requires", "rule", "section", "selectables", "snip", "testlist" or "xref" or an element from another namespace
/home/runner/work/PSD/PSD/input/PSD.xml:384:12: error: element "SOs" not allowed here; expected the element end-tag, text, element "_", "assignable", "choice", "comment", "ctr", "depends", "endnote", "equation", "external-doc", "figure", "if-opt-app", "implements", "no-link", "provides", "refinement", "requires", "rule", "section", "selectables", "snip", "testlist" or "xref" or an element from another namespace
/home/runner/work/PSD/PSD/input/PSD.xml:463:69: error: element "SOEs" not allowed here; expected the element end-tag, text, element "_", "assignable", "choice", "comment", "ctr", "depends", "endnote", "equation", "external-doc", "figure", "if-opt-app", "implements", "no-link", "provides", "refinement", "requires", "rule", "section", "selectables", "snip", "testlist" or "xref" or an element from another namespace
/home/runner/work/PSD/PSD/input/PSD.xml:508:61: error: element "audit-table" not allowed here; expected the element end-tag, text, element "_", "assignable", "choice", "comment", "ctr", "depends", "endnote", "equation", "external-doc", "figure", "if-opt-app", "implements", "no-link", "provides", "refinement", "requires", "rule", "section", "selectables", "snip", "testlist" or "xref" or an element from another namespace
/home/runner/work/PSD/PSD/input/PSD.xml:511:56: error: element "f-component" not allowed here; expected the element end-tag, text, element "_", "assignable", "choice", "comment", "ctr", "depends", "endnote", "equation", "external-doc", "figure", "if-opt-app", "implements", "no-link", "provides", "refinement", "requires", "rule", "section", "selectables", "snip", "testlist" or "xref" or an element from another namespace
/home/runner/work/PSD/PSD/input/PSD.xml:550:55: error: element "f-component" not allowed here; expected the element end-tag, text, element "_", "assignable", "choice", "comment", "ctr", "depends", "endnote", "equation", "external-doc", "figure", "if-opt-app", "implements", "no-link", "provides", "refinement", "requires", "rule", "section", "selectables", "snip", "testlist" or "xref" or an element from another namespace
/home/runner/work/PSD/PSD/input/PSD.xml:569:54: error: element "f-component" not allowed here; expected the element end-tag, text, element "_", "assignable", "choice", "comment", "ctr", "depends", "endnote", "equation", "external-doc", "figure", "if-opt-app", "implements", "no-link", "provides", "refinement", "requires", "rule", "section", "selectables", "snip", "testlist" or "xref" or an element from another namespace
/home/runner/work/PSD/PSD/input/PSD.xml:585:35: error: element "Objective" not allowed anywhere; expected the element end-tag, text, element "_", "assignable", "choice", "comment", "ctr", "depends", "endnote", "equation", "evidence", "external-doc", "figure", "if-opt-app", "implements", "no-link", "provides", "refinement", "requires", "rule", "selectables", "snip", "steplist", "test-obj", "testlist" or "xref" or an element from another namespace
/home/runner/work/PSD/PSD/input/PSD.xml:586:34: error: element "Evidence" not allowed anywhere; expected the element end-tag, text, element "_", "assignable", "choice", "comment", "ctr", "depends", "endnote", "equation", "evidence", "external-doc", "figure", "if-opt-app", "implements", "no-link", "provides", "refinement", "requires", "rule", "selectables", "snip", "steplist", "test-obj", "testlist" or "xref" or an element from another namespace
/home/runner/work/PSD/PSD/input/PSD.xml:607:17: error: element "optional" not allowed here; expected the element end-tag or element "audit-event-descr" or "audit-event-info"
/home/runner/work/PSD/PSD/input/PSD.xml:613:54: error: element "f-component" not allowed here; expected the element end-tag, text, element "_", "assignable", "choice", "comment", "ctr", "depends", "endnote", "equation", "external-doc", "figure", "if-opt-app", "implements", "no-link", "provides", "refinement", "requires", "rule", "section", "selectables", "snip", "testlist" or "xref" or an element from another namespace
/home/runner/work/PSD/PSD/input/PSD.xml:614:16: error: element "objective" not allowed here; expected the element end-tag or element "audit", "audit-event", "comp-lev", "consistency-rationale", "dependencies", "description", "exportable", "f-element", "importable", "management" or "note"
/home/runner/work/PSD/PSD/input/PSD.xml:625:81: error: element "f-component" not allowed here; expected the element end-tag, text, element "_", "assignable", "choice", "comment", "ctr", "depends", "endnote", "equation", "external-doc", "figure", "if-opt-app", "implements", "no-link", "provides", "refinement", "requires", "rule", "section", "selectables", "snip", "testlist" or "xref" or an element from another namespace
/home/runner/work/PSD/PSD/input/PSD.xml:626:15: error: element "optional" not allowed here; expected the element end-tag or element "audit", "audit-event", "comp-lev", "consistency-rationale", "dependencies", "description", "exportable", "f-element", "importable", "management" or "note"
/home/runner/work/PSD/PSD/input/PSD.xml:637:55: error: element "f-component" not allowed here; expected the element end-tag, text, element "_", "assignable", "choice", "comment", "ctr", "depends", "endnote", "equation", "external-doc", "figure", "if-opt-app", "implements", "no-link", "provides", "refinement", "requires", "rule", "section", "selectables", "snip", "testlist" or "xref" or an element from another namespace
/home/runner/work/PSD/PSD/input/PSD.xml:638:30: error: element "depends" not allowed here; expected the element end-tag or element "audit", "audit-event", "comp-lev", "consistency-rationale", "dependencies", "description", "exportable", "f-element", "importable", "management" or "note"
/home/runner/work/PSD/PSD/input/PSD.xml:649:54: error: element "f-component" not allowed here; expected the element end-tag, text, element "_", "assignable", "choice", "comment", "ctr", "depends", "endnote", "equation", "external-doc", "figure", "if-opt-app", "implements", "no-link", "provides", "refinement", "requires", "rule", "section", "selectables", "snip", "testlist" or "xref" or an element from another namespace
/home/runner/work/PSD/PSD/input/PSD.xml:650:39: error: element "depends" not allowed here; expected the element end-tag or element "audit", "audit-event", "comp-lev", "consistency-rationale", "dependencies", "description", "exportable", "f-element", "importable", "management" or "note"
/home/runner/work/PSD/PSD/input/PSD.xml:664:135: error: element "f-component" not allowed here; expected the element end-tag, text, element "_", "assignable", "choice", "comment", "ctr", "depends", "endnote", "equation", "external-doc", "figure", "if-opt-app", "implements", "no-link", "provides", "refinement", "requires", "rule", "section", "selectables", "snip", "testlist" or "xref" or an element from another namespace
/home/runner/work/PSD/PSD/input/PSD.xml:702:29: error: element "Objective" not allowed anywhere; expected the element end-tag, text, element "_", "assignable", "choice", "comment", "ctr", "depends", "endnote", "equation", "evidence", "external-doc", "figure", "if-opt-app", "implements", "no-link", "provides", "refinement", "requires", "rule", "selectables", "snip", "test-obj", "testlist" or "xref" or an element from another namespace
/home/runner/work/PSD/PSD/input/PSD.xml:703:28: error: element "Evidence" not allowed anywhere; expected the element end-tag, text, element "_", "assignable", "choice", "comment", "ctr", "depends", "endnote", "equation", "evidence", "external-doc", "figure", "if-opt-app", "implements", "no-link", "provides", "refinement", "requires", "rule", "selectables", "snip", "test-obj", "testlist" or "xref" or an element from another namespace
/home/runner/work/PSD/PSD/input/PSD.xml:711:77: error: element "f-component" not allowed here; expected the element end-tag, text, element "_", "assignable", "choice", "comment", "ctr", "depends", "endnote", "equation", "external-doc", "figure", "if-opt-app", "implements", "no-link", "provides", "refinement", "requires", "rule", "section", "selectables", "snip", "testlist" or "xref" or an element from another namespace
/home/runner/work/PSD/PSD/input/PSD.xml:820:68: error: element "f-component" not allowed here; expected the element end-tag, text, element "_", "assignable", "choice", "comment", "ctr", "depends", "endnote", "equation", "external-doc", "figure", "if-opt-app", "implements", "no-link", "provides", "refinement", "requires", "rule", "section", "selectables", "snip", "testlist" or "xref" or an element from another namespace
/home/runner/work/PSD/PSD/input/PSD.xml:844:85: error: element "f-component" not allowed here; expected the element end-tag, text, element "_", "assignable", "choice", "comment", "ctr", "depends", "endnote", "equation", "external-doc", "figure", "if-opt-app", "implements", "no-link", "provides", "refinement", "requires", "rule", "section", "selectables", "snip", "testlist" or "xref" or an element from another namespace
/home/runner/work/PSD/PSD/input/PSD.xml:853:22: error: element "elev" not allowed anywhere; expected text, element "CustomEA", "Guidance", "KMD", "TSS", "Tests", "_", "also", "assignable", "choice", "comment", "ctr", "depends", "endnote", "equation", "external-doc", "figure", "if-opt-app", "implements", "no-link", "no-tests", "provides", "refinement", "requires", "rule", "selectables", "snip", "testlist" or "xref" or an element from another namespace
/home/runner/work/PSD/PSD/input/PSD.xml:879:85: error: element "f-component" not allowed here; expected the element end-tag, text, element "_", "assignable", "choice", "comment", "ctr", "depends", "endnote", "equation", "external-doc", "figure", "if-opt-app", "implements", "no-link", "provides", "refinement", "requires", "rule", "section", "selectables", "snip", "testlist" or "xref" or an element from another namespace
/home/runner/work/PSD/PSD/input/PSD.xml:946:90: error: element "f-component" not allowed here; expected the element end-tag, text, element "_", "assignable", "choice", "comment", "ctr", "depends", "endnote", "equation", "external-doc", "figure", "if-opt-app", "implements", "no-link", "provides", "refinement", "requires", "rule", "section", "selectables", "snip", "testlist" or "xref" or an element from another namespace
/home/runner/work/PSD/PSD/input/PSD.xml:947:16: error: element "optional" not allowed here; expected the element end-tag or element "audit", "audit-event", "comp-lev", "consistency-rationale", "dependencies", "description", "exportable", "f-element", "importable", "management" or "note"
/home/runner/work/PSD/PSD/input/PSD.xml:968:79: error: element "f-component" not allowed here; expected the element end-tag, text, element "_", "assignable", "choice", "comment", "ctr", "depends", "endnote", "equation", "external-doc", "figure", "if-opt-app", "implements", "no-link", "provides", "refinement", "requires", "rule", "section", "selectables", "snip", "testlist" or "xref" or an element from another namespace
/home/runner/work/PSD/PSD/input/PSD.xml:969:16: error: element "optional" not allowed here; expected the element end-tag or element "audit", "audit-event", "comp-lev", "consistency-rationale", "dependencies", "description", "exportable", "f-element", "importable", "management" or "note"
/home/runner/work/PSD/PSD/input/PSD.xml:1026:92: error: element "a-component" not allowed here; expected the element end-tag, text, element "_", "assignable", "choice", "comment", "ctr", "depends", "endnote", "equation", "external-doc", "figure", "if-opt-app", "implements", "no-link", "provides", "refinement", "requires", "rule", "section", "selectables", "snip", "testlist" or "xref" or an element from another namespace
/home/runner/work/PSD/PSD/input/PSD.xml:1105:78: error: element "a-component" not allowed here; expected the element end-tag, text, element "_", "assignable", "choice", "comment", "ctr", "depends", "endnote", "equation", "external-doc", "figure", "if-opt-app", "implements", "no-link", "provides", "refinement", "requires", "rule", "section", "selectables", "snip", "testlist" or "xref" or an element from another namespace
/home/runner/work/PSD/PSD/input/PSD.xml:1187:82: error: element "a-component" not allowed here; expected the element end-tag, text, element "_", "assignable", "choice", "comment", "ctr", "depends", "endnote", "equation", "external-doc", "figure", "if-opt-app", "implements", "no-link", "provides", "refinement", "requires", "rule", "section", "selectables", "snip", "testlist" or "xref" or an element from another namespace
/home/runner/work/PSD/PSD/input/PSD.xml:1229:81: error: element "a-component" not allowed here; expected the element end-tag, text, element "_", "assignable", "choice", "comment", "ctr", "depends", "endnote", "equation", "external-doc", "figure", "if-opt-app", "implements", "no-link", "provides", "refinement", "requires", "rule", "section", "selectables", "snip", "testlist" or "xref" or an element from another namespace
/home/runner/work/PSD/PSD/input/PSD.xml:1263:75: error: element "a-component" not allowed here; expected the element end-tag, text, element "_", "assignable", "choice", "comment", "ctr", "depends", "endnote", "equation", "external-doc", "figure", "if-opt-app", "implements", "no-link", "provides", "refinement", "requires", "rule", "section", "selectables", "snip", "testlist" or "xref" or an element from another namespace
/home/runner/work/PSD/PSD/input/PSD.xml:1311:75: error: element "a-component" not allowed here; expected the element end-tag, text, element "_", "assignable", "choice", "comment", "ctr", "depends", "endnote", "equation", "external-doc", "figure", "if-opt-app", "implements", "no-link", "provides", "refinement", "requires", "rule", "section", "selectables", "snip", "testlist" or "xref" or an element from another namespace
/home/runner/work/PSD/PSD/input/PSD.xml:1370:64: error: element "a-component" not allowed here; expected the element end-tag, text, element "_", "assignable", "choice", "comment", "ctr", "depends", "endnote", "equation", "external-doc", "figure", "if-opt-app", "implements", "no-link", "provides", "refinement", "requires", "rule", "section", "selectables", "snip", "testlist" or "xref" or an element from another namespace
/home/runner/work/PSD/PSD/input/PSD.xml:1442:80: error: element "a-component" not allowed here; expected the element end-tag, text, element "_", "assignable", "choice", "comment", "ctr", "depends", "endnote", "equation", "external-doc", "figure", "if-opt-app", "implements", "no-link", "provides", "refinement", "requires", "rule", "section", "selectables", "snip", "testlist" or "xref" or an element from another namespace
/home/runner/work/PSD/PSD/input/PSD.xml:1490:74: error: element "appendix" not allowed yet; expected element "section" or an element from another namespace
/home/runner/work/PSD/PSD/input/PSD.xml:1586:15: error: element "implements" not allowed here; expected element "appendix" or "bibliography"
